2025-07-26 18:00:07,306 - Skadi - INFO - 🌨️  Skadi awakens. The Cold Dominion begins.
2025-07-26 18:00:08,391 - Skadi - INFO - Stance transition: hybrid_balanced_intermittent_compute → deep_silence_max_thermal_buffering
2025-07-26 18:08:10,998 - Skadi - INFO - 🌨️  Skadi awakens. The Cold Dominion begins.
2025-07-26 18:08:12,338 - Skadi - INFO - Stance transition: hybrid_balanced_intermittent_compute → deep_silence_max_thermal_buffering
2025-07-26 18:12:49,970 - Skadi - INFO - 🌨️  Skadi awakens. The Cold Dominion begins.
2025-07-26 18:12:50,991 - Skadi - INFO - Stance transition: hybrid_balanced_intermittent_compute → deep_silence_max_thermal_buffering
2025-07-29 22:14:22,731 - Skadi - INFO - 🌨️  Skadi awakens. The Cold Dominion begins.
2025-07-29 22:14:23,753 - Skadi - INFO - Stance transition: hybrid_balanced_intermittent_compute → absolute_stealth_fans_disabled
2025-07-29 22:33:27,124 - Skadi - INFO - Stance transition: absolute_stealth_fans_disabled → deep_silence_max_thermal_buffering
2025-07-30 01:06:56,198 - Skadi - INFO - Stance transition: deep_silence_max_thermal_buffering → absolute_stealth_fans_disabled
2025-07-30 09:43:46,373 - Skadi - INFO - Stance transition: absolute_stealth_fans_disabled → hybrid_balanced_intermittent_compute
2025-07-30 09:44:10,650 - Skadi - INFO - Stance transition: hybrid_balanced_intermittent_compute → deep_silence_max_thermal_buffering
2025-07-30 09:44:22,827 - Skadi - INFO - Stance transition: deep_silence_max_thermal_buffering → hybrid_balanced_intermittent_compute
2025-07-30 09:44:41,168 - Skadi - INFO - Stance transition: hybrid_balanced_intermittent_compute → deep_silence_max_thermal_buffering
2025-07-30 09:45:05,473 - Skadi - INFO - Stance transition: deep_silence_max_thermal_buffering → hybrid_balanced_intermittent_compute
2025-07-30 09:45:17,606 - Skadi - INFO - Stance transition: hybrid_balanced_intermittent_compute → deep_silence_max_thermal_buffering
2025-07-30 09:45:35,975 - Skadi - INFO - Stance transition: deep_silence_max_thermal_buffering → hybrid_balanced_intermittent_compute
2025-07-30 09:46:00,228 - Skadi - INFO - Stance transition: hybrid_balanced_intermittent_compute → deep_silence_max_thermal_buffering
2025-07-30 09:46:30,673 - Skadi - INFO - Stance transition: deep_silence_max_thermal_buffering → hybrid_balanced_intermittent_compute
2025-07-30 09:46:48,889 - Skadi - INFO - Stance transition: hybrid_balanced_intermittent_compute → deep_silence_max_thermal_buffering
2025-07-30 09:47:01,183 - Skadi - INFO - Stance transition: deep_silence_max_thermal_buffering → hybrid_balanced_intermittent_compute
2025-07-30 09:47:13,400 - Skadi - INFO - Stance transition: hybrid_balanced_intermittent_compute → deep_silence_max_thermal_buffering
2025-07-30 09:47:25,506 - Skadi - INFO - Stance transition: deep_silence_max_thermal_buffering → hybrid_balanced_intermittent_compute
2025-07-30 09:47:43,775 - Skadi - INFO - Stance transition: hybrid_balanced_intermittent_compute → deep_silence_max_thermal_buffering
2025-07-30 09:47:56,072 - Skadi - INFO - Stance transition: deep_silence_max_thermal_buffering → hybrid_balanced_intermittent_compute
2025-07-30 09:48:44,903 - Skadi - INFO - Stance transition: hybrid_balanced_intermittent_compute → deep_silence_max_thermal_buffering
2025-07-30 09:49:03,252 - Skadi - INFO - Stance transition: deep_silence_max_thermal_buffering → hybrid_balanced_intermittent_compute
2025-07-30 09:49:15,369 - Skadi - INFO - Stance transition: hybrid_balanced_intermittent_compute → deep_silence_max_thermal_buffering
2025-07-30 09:49:27,540 - Skadi - INFO - Stance transition: deep_silence_max_thermal_buffering → hybrid_balanced_intermittent_compute
2025-07-30 09:49:51,989 - Skadi - INFO - Stance transition: hybrid_balanced_intermittent_compute → deep_silence_max_thermal_buffering
2025-07-30 09:50:04,284 - Skadi - INFO - Stance transition: deep_silence_max_thermal_buffering → hybrid_balanced_intermittent_compute
2025-07-30 09:50:28,707 - Skadi - INFO - Stance transition: hybrid_balanced_intermittent_compute → deep_silence_max_thermal_buffering
2025-07-30 09:50:34,795 - Skadi - INFO - Stance transition: deep_silence_max_thermal_buffering → hybrid_balanced_intermittent_compute
2025-07-30 09:50:53,007 - Skadi - INFO - Stance transition: hybrid_balanced_intermittent_compute → deep_silence_max_thermal_buffering
2025-07-30 09:51:11,345 - Skadi - INFO - Stance transition: deep_silence_max_thermal_buffering → hybrid_balanced_intermittent_compute
2025-07-30 09:51:23,629 - Skadi - INFO - Stance transition: hybrid_balanced_intermittent_compute → deep_silence_max_thermal_buffering
2025-07-30 09:51:29,784 - Skadi - INFO - Stance transition: deep_silence_max_thermal_buffering → hybrid_balanced_intermittent_compute
2025-07-30 09:51:54,142 - Skadi - INFO - Stance transition: hybrid_balanced_intermittent_compute → deep_silence_max_thermal_buffering
2025-07-30 09:52:12,415 - Skadi - INFO - Stance transition: deep_silence_max_thermal_buffering → hybrid_balanced_intermittent_compute
2025-07-30 09:52:55,067 - Skadi - INFO - Stance transition: hybrid_balanced_intermittent_compute → deep_silence_max_thermal_buffering
2025-07-30 09:53:37,849 - Skadi - INFO - Stance transition: deep_silence_max_thermal_buffering → hybrid_balanced_intermittent_compute
2025-07-30 09:54:02,344 - Skadi - INFO - Stance transition: hybrid_balanced_intermittent_compute → deep_silence_max_thermal_buffering
2025-07-30 09:54:14,654 - Skadi - INFO - Stance transition: deep_silence_max_thermal_buffering → hybrid_balanced_intermittent_compute
2025-07-30 09:55:03,275 - Skadi - INFO - Stance transition: hybrid_balanced_intermittent_compute → deep_silence_max_thermal_buffering
2025-07-30 09:55:15,415 - Skadi - INFO - Stance transition: deep_silence_max_thermal_buffering → hybrid_balanced_intermittent_compute
2025-07-30 09:56:10,448 - Skadi - INFO - Stance transition: hybrid_balanced_intermittent_compute → deep_silence_max_thermal_buffering
2025-07-30 09:56:22,749 - Skadi - INFO - Stance transition: deep_silence_max_thermal_buffering → hybrid_balanced_intermittent_compute
2025-07-30 09:56:47,120 - Skadi - INFO - Stance transition: hybrid_balanced_intermittent_compute → deep_silence_max_thermal_buffering
2025-07-30 09:57:23,678 - Skadi - INFO - Stance transition: deep_silence_max_thermal_buffering → hybrid_balanced_intermittent_compute
2025-07-30 09:58:12,508 - Skadi - INFO - Stance transition: hybrid_balanced_intermittent_compute → deep_silence_max_thermal_buffering
2025-07-30 09:58:24,699 - Skadi - INFO - Stance transition: deep_silence_max_thermal_buffering → hybrid_balanced_intermittent_compute
2025-07-30 09:58:36,889 - Skadi - INFO - Stance transition: hybrid_balanced_intermittent_compute → deep_silence_max_thermal_buffering
2025-07-30 09:58:43,024 - Skadi - INFO - Stance transition: deep_silence_max_thermal_buffering → hybrid_balanced_intermittent_compute
2025-07-30 09:58:49,168 - Skadi - INFO - Stance transition: hybrid_balanced_intermittent_compute → deep_silence_max_thermal_buffering
2025-07-30 09:59:25,863 - Skadi - INFO - Stance transition: deep_silence_max_thermal_buffering → hybrid_balanced_intermittent_compute
2025-07-30 10:00:14,775 - Skadi - INFO - Stance transition: hybrid_balanced_intermittent_compute → deep_silence_max_thermal_buffering
2025-07-30 10:00:33,224 - Skadi - INFO - Stance transition: deep_silence_max_thermal_buffering → hybrid_balanced_intermittent_compute
2025-07-30 10:00:39,354 - Skadi - INFO - Stance transition: hybrid_balanced_intermittent_compute → deep_silence_max_thermal_buffering
2025-07-30 10:00:45,504 - Skadi - INFO - Stance transition: deep_silence_max_thermal_buffering → hybrid_balanced_intermittent_compute
2025-07-30 10:01:22,051 - Skadi - INFO - Stance transition: hybrid_balanced_intermittent_compute → deep_silence_max_thermal_buffering
2025-07-30 10:01:40,448 - Skadi - INFO - Stance transition: deep_silence_max_thermal_buffering → hybrid_balanced_intermittent_compute
2025-07-30 10:02:10,936 - Skadi - INFO - Stance transition: hybrid_balanced_intermittent_compute → deep_silence_max_thermal_buffering
2025-07-30 10:02:41,534 - Skadi - INFO - Stance transition: deep_silence_max_thermal_buffering → hybrid_balanced_intermittent_compute
2025-07-30 10:03:24,224 - Skadi - INFO - Stance transition: hybrid_balanced_intermittent_compute → deep_silence_max_thermal_buffering
2025-07-30 10:03:42,452 - Skadi - INFO - Stance transition: deep_silence_max_thermal_buffering → hybrid_balanced_intermittent_compute
2025-07-30 10:04:31,287 - Skadi - INFO - Stance transition: hybrid_balanced_intermittent_compute → deep_silence_max_thermal_buffering
2025-07-30 10:04:43,595 - Skadi - INFO - Stance transition: deep_silence_max_thermal_buffering → hybrid_balanced_intermittent_compute
2025-07-30 10:05:07,885 - Skadi - INFO - Stance transition: hybrid_balanced_intermittent_compute → deep_silence_max_thermal_buffering
2025-07-30 10:06:52,003 - Skadi - INFO - Stance transition: deep_silence_max_thermal_buffering → hybrid_balanced_intermittent_compute
2025-07-30 10:07:34,692 - Skadi - INFO - Stance transition: hybrid_balanced_intermittent_compute → deep_silence_max_thermal_buffering
2025-07-30 10:07:52,961 - Skadi - INFO - Stance transition: deep_silence_max_thermal_buffering → hybrid_balanced_intermittent_compute
2025-07-30 10:08:23,527 - Skadi - INFO - Stance transition: hybrid_balanced_intermittent_compute → deep_silence_max_thermal_buffering
2025-07-30 10:08:54,022 - Skadi - INFO - Stance transition: deep_silence_max_thermal_buffering → hybrid_balanced_intermittent_compute
2025-07-30 10:09:43,093 - Skadi - INFO - Stance transition: hybrid_balanced_intermittent_compute → deep_silence_max_thermal_buffering
2025-07-30 10:10:01,438 - Skadi - INFO - Stance transition: deep_silence_max_thermal_buffering → hybrid_balanced_intermittent_compute
2025-07-30 10:10:44,241 - Skadi - INFO - Stance transition: hybrid_balanced_intermittent_compute → deep_silence_max_thermal_buffering
2025-07-30 10:11:14,863 - Skadi - INFO - Stance transition: deep_silence_max_thermal_buffering → hybrid_balanced_intermittent_compute
2025-07-30 10:11:20,990 - Skadi - INFO - Stance transition: hybrid_balanced_intermittent_compute → deep_silence_max_thermal_buffering
2025-07-30 10:12:40,863 - Skadi - INFO - Stance transition: deep_silence_max_thermal_buffering → hybrid_balanced_intermittent_compute
2025-07-30 10:12:46,915 - Skadi - INFO - Stance transition: hybrid_balanced_intermittent_compute → deep_silence_max_thermal_buffering
2025-07-30 10:13:11,413 - Skadi - INFO - Stance transition: deep_silence_max_thermal_buffering → hybrid_balanced_intermittent_compute
2025-07-30 10:14:00,424 - Skadi - INFO - Stance transition: hybrid_balanced_intermittent_compute → deep_silence_max_thermal_buffering
2025-07-30 10:14:18,873 - Skadi - INFO - Stance transition: deep_silence_max_thermal_buffering → hybrid_balanced_intermittent_compute
2025-07-30 10:14:37,087 - Skadi - INFO - Stance transition: hybrid_balanced_intermittent_compute → deep_silence_max_thermal_buffering
2025-07-30 10:15:19,825 - Skadi - INFO - Stance transition: deep_silence_max_thermal_buffering → hybrid_balanced_intermittent_compute
2025-07-30 10:15:26,041 - Skadi - INFO - Stance transition: hybrid_balanced_intermittent_compute → deep_silence_max_thermal_buffering
2025-07-30 10:15:32,166 - Skadi - INFO - Stance transition: deep_silence_max_thermal_buffering → hybrid_balanced_intermittent_compute
2025-07-30 10:16:08,937 - Skadi - INFO - Stance transition: hybrid_balanced_intermittent_compute → deep_silence_max_thermal_buffering
2025-07-30 10:16:21,138 - Skadi - INFO - Stance transition: deep_silence_max_thermal_buffering → hybrid_balanced_intermittent_compute
2025-07-30 10:17:10,069 - Skadi - INFO - Stance transition: hybrid_balanced_intermittent_compute → deep_silence_max_thermal_buffering
2025-07-30 10:17:28,411 - Skadi - INFO - Stance transition: deep_silence_max_thermal_buffering → hybrid_balanced_intermittent_compute
2025-07-30 10:18:17,365 - Skadi - INFO - Stance transition: hybrid_balanced_intermittent_compute → deep_silence_max_thermal_buffering
2025-07-30 10:18:29,638 - Skadi - INFO - Stance transition: deep_silence_max_thermal_buffering → hybrid_balanced_intermittent_compute
2025-07-30 10:18:35,799 - Skadi - INFO - Stance transition: hybrid_balanced_intermittent_compute → deep_silence_max_thermal_buffering
2025-07-30 10:18:54,122 - Skadi - INFO - Stance transition: deep_silence_max_thermal_buffering → hybrid_balanced_intermittent_compute
2025-07-30 10:19:06,349 - Skadi - INFO - Stance transition: hybrid_balanced_intermittent_compute → deep_silence_max_thermal_buffering
2025-07-30 10:23:59,786 - Skadi - INFO - 🌨️  Skadi awakens. The Cold Dominion begins.
2025-07-30 10:24:00,887 - Skadi - INFO - Stance transition: hybrid_balanced_intermittent_compute → deep_silence_max_thermal_buffering
2025-07-30 10:27:18,602 - Skadi - INFO - Received signal 15. Initiating graceful shutdown...
2025-07-30 10:28:10,092 - Skadi - INFO - 🌨️  Skadi awakens. The Cold Dominion begins.
2025-07-30 10:28:11,145 - Skadi - INFO - Stance transition: hybrid_balanced_intermittent_compute → rapid_charge_prioritize_battery
2025-07-30 10:37:01,082 - Skadi - INFO - Stance transition: deep_silence_max_thermal_buffering → hybrid_balanced_intermittent_compute
2025-07-30 10:37:07,141 - Skadi - INFO - Stance transition: hybrid_balanced_intermittent_compute → deep_silence_max_thermal_buffering
2025-07-30 11:49:01,871 - Skadi - INFO - Stance transition: rapid_charge_prioritize_battery → hybrid_balanced_intermittent_compute
2025-07-30 11:49:32,272 - Skadi - INFO - Stance transition: hybrid_balanced_intermittent_compute → deep_silence_max_thermal_buffering
2025-07-30 11:49:56,737 - Skadi - INFO - Stance transition: deep_silence_max_thermal_buffering → hybrid_balanced_intermittent_compute
2025-07-30 11:50:27,251 - Skadi - INFO - Stance transition: hybrid_balanced_intermittent_compute → deep_silence_max_thermal_buffering
2025-07-30 11:50:51,672 - Skadi - INFO - Stance transition: deep_silence_max_thermal_buffering → hybrid_balanced_intermittent_compute
2025-07-30 11:51:28,391 - Skadi - INFO - Stance transition: hybrid_balanced_intermittent_compute → deep_silence_max_thermal_buffering
2025-07-30 11:51:40,688 - Skadi - INFO - Stance transition: deep_silence_max_thermal_buffering → hybrid_balanced_intermittent_compute
2025-07-30 11:51:46,815 - Skadi - INFO - Stance transition: hybrid_balanced_intermittent_compute → deep_silence_max_thermal_buffering
2025-07-30 11:51:59,066 - Skadi - INFO - Stance transition: deep_silence_max_thermal_buffering → hybrid_balanced_intermittent_compute
2025-07-30 11:52:23,474 - Skadi - INFO - Stance transition: hybrid_balanced_intermittent_compute → deep_silence_max_thermal_buffering
2025-07-30 11:52:41,716 - Skadi - INFO - Stance transition: deep_silence_max_thermal_buffering → hybrid_balanced_intermittent_compute
2025-07-30 11:53:00,059 - Skadi - INFO - Stance transition: hybrid_balanced_intermittent_compute → deep_silence_max_thermal_buffering
2025-07-30 11:53:06,185 - Skadi - INFO - Stance transition: deep_silence_max_thermal_buffering → hybrid_balanced_intermittent_compute
2025-07-30 11:53:12,250 - Skadi - INFO - Stance transition: hybrid_balanced_intermittent_compute → deep_silence_max_thermal_buffering
2025-07-30 11:53:30,629 - Skadi - INFO - Stance transition: deep_silence_max_thermal_buffering → hybrid_balanced_intermittent_compute
2025-07-30 11:54:01,162 - Skadi - INFO - Stance transition: hybrid_balanced_intermittent_compute → deep_silence_max_thermal_buffering
2025-07-30 11:54:19,617 - Skadi - INFO - Stance transition: deep_silence_max_thermal_buffering → hybrid_balanced_intermittent_compute
2025-07-30 11:55:02,432 - Skadi - INFO - Stance transition: hybrid_balanced_intermittent_compute → deep_silence_max_thermal_buffering
2025-07-30 11:55:14,705 - Skadi - INFO - Stance transition: deep_silence_max_thermal_buffering → hybrid_balanced_intermittent_compute
2025-07-30 11:55:33,029 - Skadi - INFO - Stance transition: hybrid_balanced_intermittent_compute → deep_silence_max_thermal_buffering
2025-07-30 11:55:39,165 - Skadi - INFO - Stance transition: deep_silence_max_thermal_buffering → hybrid_balanced_intermittent_compute
2025-07-30 11:56:03,650 - Skadi - INFO - Stance transition: hybrid_balanced_intermittent_compute → deep_silence_max_thermal_buffering
2025-07-30 11:56:15,835 - Skadi - INFO - Stance transition: deep_silence_max_thermal_buffering → hybrid_balanced_intermittent_compute
2025-07-30 11:56:40,128 - Skadi - INFO - Stance transition: hybrid_balanced_intermittent_compute → deep_silence_max_thermal_buffering
2025-07-30 11:56:46,251 - Skadi - INFO - Stance transition: deep_silence_max_thermal_buffering → hybrid_balanced_intermittent_compute
2025-07-30 11:56:58,520 - Skadi - INFO - Stance transition: hybrid_balanced_intermittent_compute → deep_silence_max_thermal_buffering
2025-07-30 11:57:10,819 - Skadi - INFO - Stance transition: deep_silence_max_thermal_buffering → hybrid_balanced_intermittent_compute
2025-07-30 11:57:41,325 - Skadi - INFO - Stance transition: hybrid_balanced_intermittent_compute → deep_silence_max_thermal_buffering
2025-07-30 11:58:05,809 - Skadi - INFO - Stance transition: deep_silence_max_thermal_buffering → hybrid_balanced_intermittent_compute
2025-07-30 11:58:24,141 - Skadi - INFO - Stance transition: hybrid_balanced_intermittent_compute → deep_silence_max_thermal_buffering
2025-07-30 11:58:36,427 - Skadi - INFO - Stance transition: deep_silence_max_thermal_buffering → hybrid_balanced_intermittent_compute
2025-07-30 11:58:48,611 - Skadi - INFO - Stance transition: hybrid_balanced_intermittent_compute → deep_silence_max_thermal_buffering
2025-07-30 11:59:00,792 - Skadi - INFO - Stance transition: deep_silence_max_thermal_buffering → hybrid_balanced_intermittent_compute
2025-07-30 11:59:43,590 - Skadi - INFO - Stance transition: hybrid_balanced_intermittent_compute → deep_silence_max_thermal_buffering
2025-07-30 12:00:14,218 - Skadi - INFO - Stance transition: deep_silence_max_thermal_buffering → hybrid_balanced_intermittent_compute
2025-07-30 12:00:20,304 - Skadi - INFO - Stance transition: hybrid_balanced_intermittent_compute → deep_silence_max_thermal_buffering
2025-07-30 12:00:26,400 - Skadi - INFO - Stance transition: deep_silence_max_thermal_buffering → hybrid_balanced_intermittent_compute
2025-07-30 12:00:44,734 - Skadi - INFO - Stance transition: hybrid_balanced_intermittent_compute → deep_silence_max_thermal_buffering
2025-07-30 12:01:03,061 - Skadi - INFO - Stance transition: deep_silence_max_thermal_buffering → hybrid_balanced_intermittent_compute
2025-07-30 12:01:39,812 - Skadi - INFO - Stance transition: hybrid_balanced_intermittent_compute → deep_silence_max_thermal_buffering
2025-07-30 12:02:04,303 - Skadi - INFO - Stance transition: deep_silence_max_thermal_buffering → hybrid_balanced_intermittent_compute
2025-07-30 12:02:16,583 - Skadi - INFO - Stance transition: hybrid_balanced_intermittent_compute → deep_silence_max_thermal_buffering
2025-07-30 12:02:22,732 - Skadi - INFO - Stance transition: deep_silence_max_thermal_buffering → hybrid_balanced_intermittent_compute
2025-07-30 12:02:28,825 - Skadi - INFO - Stance transition: hybrid_balanced_intermittent_compute → deep_silence_max_thermal_buffering
2025-07-30 12:02:47,207 - Skadi - INFO - Stance transition: deep_silence_max_thermal_buffering → hybrid_balanced_intermittent_compute
2025-07-30 12:03:11,568 - Skadi - INFO - Stance transition: hybrid_balanced_intermittent_compute → deep_silence_max_thermal_buffering
2025-07-30 12:03:42,225 - Skadi - INFO - Stance transition: deep_silence_max_thermal_buffering → hybrid_balanced_intermittent_compute
2025-07-30 12:04:18,969 - Skadi - INFO - Stance transition: hybrid_balanced_intermittent_compute → deep_silence_max_thermal_buffering
2025-07-30 12:04:31,245 - Skadi - INFO - Stance transition: deep_silence_max_thermal_buffering → hybrid_balanced_intermittent_compute
2025-07-30 12:05:01,872 - Skadi - INFO - Stance transition: hybrid_balanced_intermittent_compute → deep_silence_max_thermal_buffering
2025-07-30 12:05:26,311 - Skadi - INFO - Stance transition: deep_silence_max_thermal_buffering → hybrid_balanced_intermittent_compute
2025-07-30 12:05:50,897 - Skadi - INFO - Stance transition: hybrid_balanced_intermittent_compute → deep_silence_max_thermal_buffering
2025-07-30 12:06:15,475 - Skadi - INFO - Stance transition: deep_silence_max_thermal_buffering → hybrid_balanced_intermittent_compute
2025-07-30 12:06:46,084 - Skadi - INFO - Stance transition: hybrid_balanced_intermittent_compute → deep_silence_max_thermal_buffering
2025-07-30 12:06:58,393 - Skadi - INFO - Stance transition: deep_silence_max_thermal_buffering → hybrid_balanced_intermittent_compute
2025-07-30 12:07:29,014 - Skadi - INFO - Stance transition: hybrid_balanced_intermittent_compute → deep_silence_max_thermal_buffering
2025-07-30 12:07:53,573 - Skadi - INFO - Stance transition: deep_silence_max_thermal_buffering → hybrid_balanced_intermittent_compute
2025-07-30 12:08:36,155 - Skadi - INFO - Stance transition: hybrid_balanced_intermittent_compute → deep_silence_max_thermal_buffering
2025-07-30 12:08:48,390 - Skadi - INFO - Stance transition: deep_silence_max_thermal_buffering → hybrid_balanced_intermittent_compute
2025-07-30 12:09:00,647 - Skadi - INFO - Stance transition: hybrid_balanced_intermittent_compute → deep_silence_max_thermal_buffering
2025-07-30 12:09:12,837 - Skadi - INFO - Stance transition: deep_silence_max_thermal_buffering → hybrid_balanced_intermittent_compute
2025-07-30 12:09:31,265 - Skadi - INFO - Stance transition: hybrid_balanced_intermittent_compute → deep_silence_max_thermal_buffering
2025-07-30 12:09:43,468 - Skadi - INFO - Stance transition: deep_silence_max_thermal_buffering → hybrid_balanced_intermittent_compute
2025-07-30 12:10:26,352 - Skadi - INFO - Stance transition: hybrid_balanced_intermittent_compute → deep_silence_max_thermal_buffering
2025-07-30 12:10:38,578 - Skadi - INFO - Stance transition: deep_silence_max_thermal_buffering → hybrid_balanced_intermittent_compute
2025-07-30 12:10:50,786 - Skadi - INFO - Stance transition: hybrid_balanced_intermittent_compute → deep_silence_max_thermal_buffering
2025-07-30 12:10:56,978 - Skadi - INFO - Stance transition: deep_silence_max_thermal_buffering → hybrid_balanced_intermittent_compute
2025-07-30 12:11:09,176 - Skadi - INFO - Stance transition: hybrid_balanced_intermittent_compute → deep_silence_max_thermal_buffering
2025-07-30 12:11:33,690 - Skadi - INFO - Stance transition: deep_silence_max_thermal_buffering → hybrid_balanced_intermittent_compute
2025-07-30 12:12:16,594 - Skadi - INFO - Stance transition: hybrid_balanced_intermittent_compute → deep_silence_max_thermal_buffering
2025-07-30 12:12:28,755 - Skadi - INFO - Stance transition: deep_silence_max_thermal_buffering → hybrid_balanced_intermittent_compute
2025-07-30 12:13:11,541 - Skadi - INFO - Stance transition: hybrid_balanced_intermittent_compute → deep_silence_max_thermal_buffering
2025-07-30 12:13:29,880 - Skadi - INFO - Stance transition: deep_silence_max_thermal_buffering → hybrid_balanced_intermittent_compute
2025-07-30 12:14:06,560 - Skadi - INFO - Stance transition: hybrid_balanced_intermittent_compute → deep_silence_max_thermal_buffering
2025-07-30 12:14:37,203 - Skadi - INFO - Stance transition: deep_silence_max_thermal_buffering → hybrid_balanced_intermittent_compute
2025-07-30 12:15:01,654 - Skadi - INFO - Stance transition: hybrid_balanced_intermittent_compute → deep_silence_max_thermal_buffering
2025-07-30 12:15:20,026 - Skadi - INFO - Stance transition: deep_silence_max_thermal_buffering → hybrid_balanced_intermittent_compute
2025-07-30 12:16:02,887 - Skadi - INFO - Stance transition: hybrid_balanced_intermittent_compute → deep_silence_max_thermal_buffering
2025-07-30 12:16:21,338 - Skadi - INFO - Stance transition: deep_silence_max_thermal_buffering → hybrid_balanced_intermittent_compute
2025-07-30 12:17:04,329 - Skadi - INFO - Stance transition: hybrid_balanced_intermittent_compute → deep_silence_max_thermal_buffering
2025-07-30 12:17:16,522 - Skadi - INFO - Stance transition: deep_silence_max_thermal_buffering → hybrid_balanced_intermittent_compute
2025-07-30 12:18:05,562 - Skadi - INFO - Stance transition: hybrid_balanced_intermittent_compute → deep_silence_max_thermal_buffering
2025-07-30 12:18:17,863 - Skadi - INFO - Stance transition: deep_silence_max_thermal_buffering → hybrid_balanced_intermittent_compute
2025-07-30 12:19:06,906 - Skadi - INFO - Stance transition: hybrid_balanced_intermittent_compute → deep_silence_max_thermal_buffering
2025-07-30 12:19:19,200 - Skadi - INFO - Stance transition: deep_silence_max_thermal_buffering → hybrid_balanced_intermittent_compute
2025-07-30 12:20:02,096 - Skadi - INFO - Stance transition: hybrid_balanced_intermittent_compute → deep_silence_max_thermal_buffering
2025-07-30 12:20:26,634 - Skadi - INFO - Stance transition: deep_silence_max_thermal_buffering → hybrid_balanced_intermittent_compute
2025-07-30 12:20:32,816 - Skadi - INFO - Stance transition: hybrid_balanced_intermittent_compute → deep_silence_max_thermal_buffering
2025-07-30 12:20:51,186 - Skadi - INFO - Stance transition: deep_silence_max_thermal_buffering → hybrid_balanced_intermittent_compute
2025-07-30 12:20:57,284 - Skadi - INFO - Stance transition: hybrid_balanced_intermittent_compute → deep_silence_max_thermal_buffering
2025-07-30 12:21:15,557 - Skadi - INFO - Stance transition: deep_silence_max_thermal_buffering → hybrid_balanced_intermittent_compute
2025-07-30 12:21:46,236 - Skadi - INFO - Stance transition: hybrid_balanced_intermittent_compute → deep_silence_max_thermal_buffering
2025-07-30 12:21:58,433 - Skadi - INFO - Stance transition: deep_silence_max_thermal_buffering → hybrid_balanced_intermittent_compute
2025-07-30 12:22:04,547 - Skadi - INFO - Stance transition: hybrid_balanced_intermittent_compute → deep_silence_max_thermal_buffering
2025-07-30 12:22:10,724 - Skadi - INFO - Stance transition: deep_silence_max_thermal_buffering → hybrid_balanced_intermittent_compute
2025-07-30 12:22:29,154 - Skadi - INFO - Stance transition: hybrid_balanced_intermittent_compute → deep_silence_max_thermal_buffering
2025-07-30 12:22:47,592 - Skadi - INFO - Stance transition: deep_silence_max_thermal_buffering → hybrid_balanced_intermittent_compute
2025-07-30 12:23:24,260 - Skadi - INFO - Stance transition: hybrid_balanced_intermittent_compute → deep_silence_max_thermal_buffering
2025-07-30 12:23:42,775 - Skadi - INFO - Stance transition: deep_silence_max_thermal_buffering → hybrid_balanced_intermittent_compute
2025-07-30 12:23:54,954 - Skadi - INFO - Stance transition: hybrid_balanced_intermittent_compute → deep_silence_max_thermal_buffering
2025-07-30 12:24:13,399 - Skadi - INFO - Stance transition: deep_silence_max_thermal_buffering → hybrid_balanced_intermittent_compute
2025-07-30 12:24:19,480 - Skadi - INFO - Stance transition: hybrid_balanced_intermittent_compute → deep_silence_max_thermal_buffering
2025-07-30 12:24:44,121 - Skadi - INFO - Stance transition: deep_silence_max_thermal_buffering → hybrid_balanced_intermittent_compute
2025-07-30 12:24:50,251 - Skadi - INFO - Stance transition: hybrid_balanced_intermittent_compute → deep_silence_max_thermal_buffering
2025-07-30 12:24:56,412 - Skadi - INFO - Stance transition: deep_silence_max_thermal_buffering → hybrid_balanced_intermittent_compute
2025-07-30 12:25:08,683 - Skadi - INFO - Stance transition: hybrid_balanced_intermittent_compute → deep_silence_max_thermal_buffering
2025-07-30 12:25:33,273 - Skadi - INFO - Stance transition: deep_silence_max_thermal_buffering → hybrid_balanced_intermittent_compute
2025-07-30 12:25:51,690 - Skadi - INFO - Stance transition: hybrid_balanced_intermittent_compute → deep_silence_max_thermal_buffering
2025-07-30 12:26:22,325 - Skadi - INFO - Stance transition: deep_silence_max_thermal_buffering → hybrid_balanced_intermittent_compute
2025-07-30 12:26:40,738 - Skadi - INFO - Stance transition: hybrid_balanced_intermittent_compute → deep_silence_max_thermal_buffering
2025-07-30 12:27:17,528 - Skadi - INFO - Stance transition: deep_silence_max_thermal_buffering → hybrid_balanced_intermittent_compute
2025-07-30 12:28:00,406 - Skadi - INFO - Stance transition: hybrid_balanced_intermittent_compute → deep_silence_max_thermal_buffering
2025-07-30 12:28:12,602 - Skadi - INFO - Stance transition: deep_silence_max_thermal_buffering → hybrid_balanced_intermittent_compute
2025-07-30 12:28:55,497 - Skadi - INFO - Stance transition: hybrid_balanced_intermittent_compute → deep_silence_max_thermal_buffering
2025-07-30 12:29:13,945 - Skadi - INFO - Stance transition: deep_silence_max_thermal_buffering → hybrid_balanced_intermittent_compute
2025-07-30 12:29:50,803 - Skadi - INFO - Stance transition: hybrid_balanced_intermittent_compute → deep_silence_max_thermal_buffering
2025-07-30 12:30:09,229 - Skadi - INFO - Stance transition: deep_silence_max_thermal_buffering → hybrid_balanced_intermittent_compute
2025-07-30 12:30:15,287 - Skadi - INFO - Stance transition: hybrid_balanced_intermittent_compute → deep_silence_max_thermal_buffering
2025-07-30 12:30:21,378 - Skadi - INFO - Stance transition: deep_silence_max_thermal_buffering → hybrid_balanced_intermittent_compute
2025-07-30 12:30:52,134 - Skadi - INFO - Stance transition: hybrid_balanced_intermittent_compute → deep_silence_max_thermal_buffering
2025-07-30 12:31:10,509 - Skadi - INFO - Stance transition: deep_silence_max_thermal_buffering → hybrid_balanced_intermittent_compute
2025-07-30 12:31:53,274 - Skadi - INFO - Stance transition: hybrid_balanced_intermittent_compute → deep_silence_max_thermal_buffering
2025-07-30 12:32:05,559 - Skadi - INFO - Stance transition: deep_silence_max_thermal_buffering → hybrid_balanced_intermittent_compute
2025-07-30 12:32:17,747 - Skadi - INFO - Stance transition: hybrid_balanced_intermittent_compute → deep_silence_max_thermal_buffering
2025-07-30 12:32:29,980 - Skadi - INFO - Stance transition: deep_silence_max_thermal_buffering → hybrid_balanced_intermittent_compute
2025-07-30 12:32:48,370 - Skadi - INFO - Stance transition: hybrid_balanced_intermittent_compute → deep_silence_max_thermal_buffering
2025-07-30 12:33:18,881 - Skadi - INFO - Stance transition: deep_silence_max_thermal_buffering → hybrid_balanced_intermittent_compute
2025-07-30 12:33:24,981 - Skadi - INFO - Stance transition: hybrid_balanced_intermittent_compute → deep_silence_max_thermal_buffering
2025-07-30 12:33:37,230 - Skadi - INFO - Stance transition: deep_silence_max_thermal_buffering → hybrid_balanced_intermittent_compute
2025-07-30 12:33:49,605 - Skadi - INFO - Stance transition: hybrid_balanced_intermittent_compute → deep_silence_max_thermal_buffering
2025-07-30 12:34:08,050 - Skadi - INFO - Stance transition: deep_silence_max_thermal_buffering → hybrid_balanced_intermittent_compute
2025-07-30 12:34:14,202 - Skadi - INFO - Stance transition: hybrid_balanced_intermittent_compute → deep_silence_max_thermal_buffering
2025-07-30 12:34:26,475 - Skadi - INFO - Stance transition: deep_silence_max_thermal_buffering → hybrid_balanced_intermittent_compute
2025-07-30 12:34:38,653 - Skadi - INFO - Stance transition: hybrid_balanced_intermittent_compute → deep_silence_max_thermal_buffering
2025-07-30 12:34:50,899 - Skadi - INFO - Stance transition: deep_silence_max_thermal_buffering → hybrid_balanced_intermittent_compute
2025-07-30 12:35:33,835 - Skadi - INFO - Stance transition: hybrid_balanced_intermittent_compute → deep_silence_max_thermal_buffering
2025-07-30 12:35:52,278 - Skadi - INFO - Stance transition: deep_silence_max_thermal_buffering → hybrid_balanced_intermittent_compute
2025-07-30 12:35:58,416 - Skadi - INFO - Stance transition: hybrid_balanced_intermittent_compute → deep_silence_max_thermal_buffering
2025-07-30 12:36:04,566 - Skadi - INFO - Stance transition: deep_silence_max_thermal_buffering → hybrid_balanced_intermittent_compute
2025-07-30 12:36:10,699 - Skadi - INFO - Stance transition: hybrid_balanced_intermittent_compute → deep_silence_max_thermal_buffering
2025-07-30 12:36:35,193 - Skadi - INFO - Stance transition: deep_silence_max_thermal_buffering → hybrid_balanced_intermittent_compute
2025-07-30 12:36:53,655 - Skadi - INFO - Stance transition: hybrid_balanced_intermittent_compute → deep_silence_max_thermal_buffering
2025-07-30 12:37:05,950 - Skadi - INFO - Stance transition: deep_silence_max_thermal_buffering → hybrid_balanced_intermittent_compute
2025-07-30 12:37:18,293 - Skadi - INFO - Stance transition: hybrid_balanced_intermittent_compute → deep_silence_max_thermal_buffering
2025-07-30 12:37:48,916 - Skadi - INFO - Stance transition: deep_silence_max_thermal_buffering → hybrid_balanced_intermittent_compute
2025-07-30 12:38:13,226 - Skadi - INFO - Stance transition: hybrid_balanced_intermittent_compute → deep_silence_max_thermal_buffering
2025-07-30 12:38:31,630 - Skadi - INFO - Stance transition: deep_silence_max_thermal_buffering → hybrid_balanced_intermittent_compute
2025-07-30 12:38:55,941 - Skadi - INFO - Stance transition: hybrid_balanced_intermittent_compute → deep_silence_max_thermal_buffering
2025-07-30 12:39:14,444 - Skadi - INFO - Stance transition: deep_silence_max_thermal_buffering → hybrid_balanced_intermittent_compute
2025-07-30 12:39:32,838 - Skadi - INFO - Stance transition: hybrid_balanced_intermittent_compute → deep_silence_max_thermal_buffering
2025-07-30 12:39:51,270 - Skadi - INFO - Stance transition: deep_silence_max_thermal_buffering → hybrid_balanced_intermittent_compute
2025-07-30 12:40:28,134 - Skadi - INFO - Stance transition: hybrid_balanced_intermittent_compute → deep_silence_max_thermal_buffering
2025-07-30 12:40:58,781 - Skadi - INFO - Stance transition: deep_silence_max_thermal_buffering → hybrid_balanced_intermittent_compute
2025-07-30 12:41:23,227 - Skadi - INFO - Stance transition: hybrid_balanced_intermittent_compute → deep_silence_max_thermal_buffering
2025-07-30 12:41:29,353 - Skadi - INFO - Stance transition: deep_silence_max_thermal_buffering → hybrid_balanced_intermittent_compute
2025-07-30 12:42:12,390 - Skadi - INFO - Stance transition: hybrid_balanced_intermittent_compute → deep_silence_max_thermal_buffering
2025-07-30 12:42:30,709 - Skadi - INFO - Stance transition: deep_silence_max_thermal_buffering → hybrid_balanced_intermittent_compute
2025-07-30 12:43:07,473 - Skadi - INFO - Stance transition: hybrid_balanced_intermittent_compute → deep_silence_max_thermal_buffering
2025-07-30 12:43:25,910 - Skadi - INFO - Stance transition: deep_silence_max_thermal_buffering → hybrid_balanced_intermittent_compute
2025-07-30 12:43:32,050 - Skadi - INFO - Stance transition: hybrid_balanced_intermittent_compute → deep_silence_max_thermal_buffering
2025-07-30 12:43:38,147 - Skadi - INFO - Stance transition: deep_silence_max_thermal_buffering → hybrid_balanced_intermittent_compute
2025-07-30 12:43:56,624 - Skadi - INFO - Stance transition: hybrid_balanced_intermittent_compute → deep_silence_max_thermal_buffering
2025-07-30 12:44:14,945 - Skadi - INFO - Stance transition: deep_silence_max_thermal_buffering → hybrid_balanced_intermittent_compute
2025-07-30 12:44:51,621 - Skadi - INFO - Stance transition: hybrid_balanced_intermittent_compute → deep_silence_max_thermal_buffering
2025-07-30 12:45:10,036 - Skadi - INFO - Stance transition: deep_silence_max_thermal_buffering → hybrid_balanced_intermittent_compute
2025-07-30 12:45:46,808 - Skadi - INFO - Stance transition: hybrid_balanced_intermittent_compute → deep_silence_max_thermal_buffering
2025-07-30 12:46:05,163 - Skadi - INFO - Stance transition: deep_silence_max_thermal_buffering → hybrid_balanced_intermittent_compute
2025-07-30 12:46:11,273 - Skadi - INFO - Stance transition: hybrid_balanced_intermittent_compute → deep_silence_max_thermal_buffering
2025-07-30 12:46:35,782 - Skadi - INFO - Stance transition: deep_silence_max_thermal_buffering → hybrid_balanced_intermittent_compute
2025-07-30 12:46:41,861 - Skadi - INFO - Stance transition: hybrid_balanced_intermittent_compute → deep_silence_max_thermal_buffering
2025-07-30 12:46:54,125 - Skadi - INFO - Stance transition: deep_silence_max_thermal_buffering → hybrid_balanced_intermittent_compute
2025-07-30 12:47:12,414 - Skadi - INFO - Stance transition: hybrid_balanced_intermittent_compute → deep_silence_max_thermal_buffering
2025-07-30 12:47:18,565 - Skadi - INFO - Stance transition: deep_silence_max_thermal_buffering → hybrid_balanced_intermittent_compute
2025-07-30 12:47:24,653 - Skadi - INFO - Stance transition: hybrid_balanced_intermittent_compute → deep_silence_max_thermal_buffering
2025-07-30 12:47:37,003 - Skadi - INFO - Stance transition: deep_silence_max_thermal_buffering → hybrid_balanced_intermittent_compute
2025-07-30 12:47:49,292 - Skadi - INFO - Stance transition: hybrid_balanced_intermittent_compute → deep_silence_max_thermal_buffering
2025-07-30 12:48:01,570 - Skadi - INFO - Stance transition: deep_silence_max_thermal_buffering → hybrid_balanced_intermittent_compute
2025-07-30 12:48:07,710 - Skadi - INFO - Stance transition: hybrid_balanced_intermittent_compute → deep_silence_max_thermal_buffering
2025-07-30 12:48:26,151 - Skadi - INFO - Stance transition: deep_silence_max_thermal_buffering → hybrid_balanced_intermittent_compute
2025-07-30 12:48:38,308 - Skadi - INFO - Stance transition: hybrid_balanced_intermittent_compute → deep_silence_max_thermal_buffering
2025-07-30 12:48:44,403 - Skadi - INFO - Stance transition: deep_silence_max_thermal_buffering → hybrid_balanced_intermittent_compute
2025-07-30 12:48:56,655 - Skadi - INFO - Stance transition: hybrid_balanced_intermittent_compute → deep_silence_max_thermal_buffering
2025-07-30 12:49:14,914 - Skadi - INFO - Stance transition: deep_silence_max_thermal_buffering → hybrid_balanced_intermittent_compute
2025-07-30 12:49:33,101 - Skadi - INFO - Stance transition: hybrid_balanced_intermittent_compute → deep_silence_max_thermal_buffering
2025-07-30 12:49:45,324 - Skadi - INFO - Stance transition: deep_silence_max_thermal_buffering → hybrid_balanced_intermittent_compute
2025-07-30 12:49:57,457 - Skadi - INFO - Stance transition: hybrid_balanced_intermittent_compute → deep_silence_max_thermal_buffering
2025-07-30 12:50:15,867 - Skadi - INFO - Stance transition: deep_silence_max_thermal_buffering → hybrid_balanced_intermittent_compute
2025-07-30 12:50:21,969 - Skadi - INFO - Stance transition: hybrid_balanced_intermittent_compute → deep_silence_max_thermal_buffering
2025-07-30 12:50:46,642 - Skadi - INFO - Stance transition: deep_silence_max_thermal_buffering → hybrid_balanced_intermittent_compute
2025-07-30 12:51:17,256 - Skadi - INFO - Stance transition: hybrid_balanced_intermittent_compute → deep_silence_max_thermal_buffering
2025-07-30 12:51:35,687 - Skadi - INFO - Stance transition: deep_silence_max_thermal_buffering → hybrid_balanced_intermittent_compute
2025-07-30 12:52:06,313 - Skadi - INFO - Stance transition: hybrid_balanced_intermittent_compute → deep_silence_max_thermal_buffering
2025-07-30 12:52:18,595 - Skadi - INFO - Stance transition: deep_silence_max_thermal_buffering → hybrid_balanced_intermittent_compute
2025-07-30 12:52:49,119 - Skadi - INFO - Stance transition: hybrid_balanced_intermittent_compute → deep_silence_max_thermal_buffering
2025-07-30 12:53:01,297 - Skadi - INFO - Stance transition: deep_silence_max_thermal_buffering → hybrid_balanced_intermittent_compute
2025-07-30 12:53:07,434 - Skadi - INFO - Stance transition: hybrid_balanced_intermittent_compute → deep_silence_max_thermal_buffering
2025-07-30 12:53:25,810 - Skadi - INFO - Stance transition: deep_silence_max_thermal_buffering → hybrid_balanced_intermittent_compute
2025-07-30 12:53:38,050 - Skadi - INFO - Stance transition: hybrid_balanced_intermittent_compute → deep_silence_max_thermal_buffering
2025-07-30 12:53:56,493 - Skadi - INFO - Stance transition: deep_silence_max_thermal_buffering → hybrid_balanced_intermittent_compute
2025-07-30 12:54:33,149 - Skadi - INFO - Stance transition: hybrid_balanced_intermittent_compute → deep_silence_max_thermal_buffering
2025-07-30 12:54:51,586 - Skadi - INFO - Stance transition: deep_silence_max_thermal_buffering → hybrid_balanced_intermittent_compute
2025-07-30 12:55:22,106 - Skadi - INFO - Stance transition: hybrid_balanced_intermittent_compute → deep_silence_max_thermal_buffering
2025-07-30 12:55:46,672 - Skadi - INFO - Stance transition: deep_silence_max_thermal_buffering → hybrid_balanced_intermittent_compute
2025-07-30 12:56:05,098 - Skadi - INFO - Stance transition: hybrid_balanced_intermittent_compute → deep_silence_max_thermal_buffering
